[18:55:12] === SCRIPT START ===
[18:55:12] Getting hostname and macOS version
[18:55:12] Detecting boot device
[18:55:12] Checking SMART status for /dev/disk2s4s1
[18:55:12] Checking external SSD health
[18:55:14] Checking for kernel panic files
[18:55:14] Checking for watchdog panics
[18:55:14] Checking Time Machine backup age
[18:55:14] Checking for software updates
[18:55:18] Starting log collection (1h window)
[18:57:47] Checking for crash reports
[18:57:47] Checking drive space
[18:57:47] Getting system info (uptime, memory, CPU temp)
[18:57:47] Detecting recent reboots
[18:57:47] Checking for GPU freeze patterns (10-minute window)
[18:57:50] START: User/app monitoring
[18:57:53] END: User/app monitoring
[18:57:53] START: Reachability/remote access checks
[18:57:53] END: Reachability/remote access checks
[19:01:04] === SCRIPT START ===
[19:01:04] Getting hostname and macOS version
[19:01:04] Detecting boot device
[19:01:04] Checking SMART status for /dev/disk2s4s1
[19:01:04] Checking external SSD health
[19:01:06] Checking for kernel panic files
[19:01:06] Checking for watchdog panics
[19:01:06] Checking Time Machine backup age
[19:01:06] Checking for software updates
[19:01:09] Starting log collection (1h window)
[19:08:16] === SCRIPT START ===
[19:08:16] Getting hostname and macOS version
[19:08:16] Detecting boot device
[19:08:16] Checking SMART status for /dev/disk2s4s1
[19:08:16] Checking external SSD health
[19:08:18] Checking for kernel panic files
[19:08:18] Checking for watchdog panics
[19:08:18] Checking Time Machine backup age
[19:08:19] Checking for software updates
[19:08:22] Starting log collection (1h window)
[19:11:04] Checking for crash reports
[19:11:04] Checking drive space
[19:11:04] Getting system info (uptime, memory, CPU temp)
[19:11:04] Detecting recent reboots
[19:11:04] Checking for GPU freeze patterns (10-minute window)
[19:11:07] START: User/app monitoring
[19:11:09] END: User/app monitoring
[19:11:09] START: Reachability/remote access checks
[19:11:09] END: Reachability/remote access checks
[19:16:04] === SCRIPT START ===
[19:16:04] Getting hostname and macOS version
[19:16:04] Detecting boot device
[19:16:04] Checking SMART status for /dev/disk2s4s1
[19:16:04] Checking external SSD health
[19:16:05] Checking for kernel panic files
[19:16:05] Checking for watchdog panics
[19:16:05] Checking Time Machine backup age
[19:16:06] Checking for software updates
[19:16:09] Starting log collection (1h window)
[19:19:47] Checking for crash reports
[19:19:47] Checking drive space
[19:19:47] Getting system info (uptime, memory, CPU temp)
[19:19:47] Detecting recent reboots
[19:19:47] Checking for GPU freeze patterns (10-minute window)
[19:19:56] START: User/app monitoring
[19:19:59] END: User/app monitoring
[19:19:59] START: Reachability/remote access checks
[19:19:59] END: Reachability/remote access checks
[19:22:09] === SCRIPT START ===
[19:22:09] Getting hostname and macOS version
[19:22:09] Detecting boot device
[19:22:09] Checking SMART status for /dev/disk2s4s1
[19:22:09] Checking external SSD health
[19:22:11] Checking for kernel panic files
[19:22:11] Checking for watchdog panics
[19:22:11] Checking Time Machine backup age
[19:22:11] Checking for software updates
[19:22:15] Starting log collection (1h window)
[19:26:46] Checking for crash reports
[19:26:46] Checking drive space
[19:26:46] Getting system info (uptime, memory, CPU temp)
[19:26:46] Detecting recent reboots
[19:26:46] Checking for GPU freeze patterns (10-minute window)
[19:26:55] START: User/app monitoring
[19:26:57] END: User/app monitoring
[19:26:57] START: Reachability/remote access checks
[19:26:58] END: Reachability/remote access checks
[19:30:20] === SCRIPT START ===
[19:30:20] Getting hostname and macOS version
[19:30:20] Detecting boot device
[19:30:20] Checking SMART status for /dev/disk2s4s1
[19:30:20] Checking external SSD health
[19:30:21] Checking for kernel panic files
[19:30:21] Checking for watchdog panics
[19:30:21] Checking Time Machine backup age
[19:30:22] Checking for software updates
[19:30:25] Starting log collection (1h window)
[19:36:25] === SCRIPT START ===
[19:36:25] Getting hostname and macOS version
[19:36:25] Detecting boot device
[19:36:25] Checking SMART status for /dev/disk2s4s1
[19:36:25] Checking external SSD health
[19:36:26] Checking for kernel panic files
[19:36:26] Checking for watchdog panics
[19:36:26] Checking Time Machine backup age
[19:36:27] Checking for software updates
[19:36:30] Starting log collection (1h window)
[19:41:50] Checking for crash reports
[19:41:50] Checking drive space
[19:41:50] Getting system info (uptime, memory, CPU temp)
[19:41:50] Detecting recent reboots
[19:41:50] Checking for GPU freeze patterns (10-minute window)
[19:42:01] START: User/app monitoring
[19:42:03] END: User/app monitoring
[19:42:03] START: Reachability/remote access checks
[19:42:04] END: Reachability/remote access checks
[19:45:21] === SCRIPT START ===
[19:45:21] Getting hostname and macOS version
[19:45:21] Detecting boot device
[19:45:21] Checking SMART status for /dev/disk2s4s1
[19:45:21] Checking external SSD health
[19:45:23] Checking for kernel panic files
[19:45:23] Checking for watchdog panics
[19:45:23] Checking Time Machine backup age
[19:45:23] Checking for software updates
[19:45:27] Starting log collection (1h window)
[19:52:05] Checking for crash reports
[19:52:05] Checking drive space
[19:52:05] Getting system info (uptime, memory, CPU temp)
[19:52:05] Detecting recent reboots
[19:52:05] Checking for GPU freeze patterns (10-minute window)
[19:52:16] START: User/app monitoring
[19:52:18] END: User/app monitoring
[19:52:18] START: Reachability/remote access checks
[19:52:19] END: Reachability/remote access checks
[20:08:59] === SCRIPT START ===
[20:08:59] Getting hostname and macOS version
[20:08:59] Detecting boot device
[20:08:59] Checking SMART status for /dev/disk2s4s1
[20:08:59] Checking external SSD health
[20:09:01] Checking for kernel panic files
[20:09:01] Checking for watchdog panics
[20:09:01] Checking Time Machine backup age
[20:09:01] Checking for software updates
[20:09:05] Starting log collection (1h window)
[20:23:21] Checking for crash reports
[20:23:21] Checking drive space
[20:23:21] Getting system info (uptime, memory, CPU temp)
[20:23:21] Detecting recent reboots
[20:23:21] Checking for GPU freeze patterns (10-minute window)
[20:23:29] START: User/app monitoring
[20:23:32] END: User/app monitoring
[20:23:32] START: Reachability/remote access checks
[20:23:33] END: Reachability/remote access checks
[20:47:55] === SCRIPT START ===
[20:47:55] Getting hostname and macOS version
[20:47:55] Detecting boot device
[20:47:55] Checking SMART status for /dev/disk2s4s1
[20:47:55] Checking external SSD health
[20:47:57] Checking for kernel panic files
[20:47:57] Checking for watchdog panics
[20:47:57] Checking Time Machine backup age
[20:47:58] Checking for software updates
[20:48:01] Starting log collection (1h window)
[21:03:04] Checking for crash reports
[21:03:04] Checking drive space
[21:03:04] Getting system info (uptime, memory, CPU temp)
[21:03:04] Detecting recent reboots
[21:03:04] Checking for GPU freeze patterns (10-minute window)
[21:03:15] START: User/app monitoring
[21:03:18] END: User/app monitoring
[21:03:18] START: Reachability/remote access checks
[21:03:19] END: Reachability/remote access checks
[21:03:19] Starting JSON payload build with jq
[21:03:19] Finished JSON payload build with jq
[21:09:39] === SCRIPT START ===
[21:09:39] Getting hostname and macOS version
[21:09:39] Detecting boot device
[21:09:40] Checking SMART status for /dev/disk2s4s1
[21:09:40] Checking external SSD health
[21:09:41] Checking for kernel panic files
[21:09:41] Checking for watchdog panics
[21:09:41] Checking Time Machine backup age
[21:09:42] Checking for software updates
[21:09:45] Starting log collection (1h window)
[21:19:23] Checking for crash reports
[21:19:23] Checking drive space
[21:19:23] Getting system info (uptime, memory, CPU temp)
[21:19:23] Detecting recent reboots
[21:19:23] Checking for GPU freeze patterns (10-minute window)
[21:19:27] START: User/app monitoring
[21:19:29] END: User/app monitoring
[21:19:29] START: Reachability/remote access checks
[21:19:30] END: Reachability/remote access checks
[21:19:30] Starting JSON payload build with jq
[21:19:30] Finished JSON payload build with jq
[21:19:30] Starting Airtable upload
[21:19:31] Curl to Airtable finished with exit code 0
[21:19:31] Airtable HTTP status: 422
[21:19:31] Airtable response (truncated 500 chars): {"error":{"type":"INVALID_VALUE_FOR_COLUMN","message":"Field \"Name\" cannot accept a value because the field is computed"}}
[21:19:31] Airtable upload failed with status 422
[21:27:57] === SCRIPT START ===
[21:27:57] Getting hostname and macOS version
[21:27:57] Detecting boot device
[21:27:57] Checking SMART status for /dev/disk2s4s1
[21:27:57] Checking external SSD health
[21:27:59] Checking for kernel panic files
[21:27:59] Checking for watchdog panics
[21:27:59] Checking Time Machine backup age
[21:27:59] Checking for software updates
[21:28:02] Starting log collection (1h window)
[21:31:04] === SCRIPT START ===
[21:31:04] Getting hostname and macOS version
[21:31:04] Detecting boot device
[21:31:04] Checking SMART status for /dev/disk2s4s1
[21:31:04] Checking external SSD health
[21:31:06] Checking for kernel panic files
[21:31:06] Checking for watchdog panics
[21:31:06] Checking Time Machine backup age
[21:31:06] Checking for software updates
[21:31:10] Starting log collection (1h window)
[21:38:07] Checking for crash reports
[21:38:07] Checking drive space
[21:38:07] Getting system info (uptime, memory, CPU temp)
[21:38:07] Detecting recent reboots
[21:38:07] Checking for GPU freeze patterns (10-minute window)
[21:38:13] START: User/app monitoring
[21:38:16] END: User/app monitoring
[21:38:16] START: Reachability/remote access checks
[21:38:17] END: Reachability/remote access checks
[21:38:17] Starting JSON payload build with jq
[21:38:17] Finished JSON payload build with jq
[21:38:17] Starting Airtable upload
[21:38:17] Curl to Airtable finished with exit code 0
[21:38:17] Airtable HTTP status: 422
[21:38:17] Airtable response (truncated 500 chars): {"error":{"type":"INVALID_VALUE_FOR_COLUMN","message":"Field \"Run Duration (mins:secs)\" cannot accept a value because the field is computed"}}
[21:38:17] Airtable upload failed with status 422
[21:42:47] === SCRIPT START ===
[21:42:47] Getting hostname and macOS version
[21:42:47] Detecting boot device
[21:42:47] Checking SMART status for /dev/disk2s4s1
[21:42:47] Checking external SSD health
[21:42:48] Checking for kernel panic files
[21:42:48] Checking for watchdog panics
[21:42:48] Checking Time Machine backup age
[21:42:49] Checking for software updates
[21:42:52] Starting log collection (1h window)
[21:50:33] Checking for crash reports
[21:50:33] Checking drive space
[21:50:33] Getting system info (uptime, memory, CPU temp)
[21:50:33] Detecting recent reboots
[21:50:33] Checking for GPU freeze patterns (10-minute window)
[21:50:44] START: User/app monitoring
[21:50:47] END: User/app monitoring
[21:50:47] START: Reachability/remote access checks
[21:50:47] END: Reachability/remote access checks
[21:50:47] Starting JSON payload build with jq
[21:50:47] Finished JSON payload build with jq
[21:50:47] Starting Airtable upload
[21:50:48] Curl to Airtable finished with exit code 0
[21:50:48] Airtable HTTP status: 422
[21:50:48] Airtable response (truncated 500 chars): {"error":{"type":"INVALID_VALUE_FOR_COLUMN","message":"Cannot parse value for field Health Score"}}
[21:50:48] Airtable upload failed with status 422
[21:55:38] === SCRIPT START ===
[21:55:38] Getting hostname and macOS version
[21:55:38] Detecting boot device
[21:55:38] Checking SMART status for /dev/disk2s4s1
[21:55:38] Checking external SSD health
[21:55:40] Checking for kernel panic files
[21:55:40] Checking for watchdog panics
[21:55:40] Checking Time Machine backup age
[21:55:41] Checking for software updates
[21:55:44] Starting log collection (1h window)
[22:03:58] Checking for crash reports
[22:03:58] Checking drive space
[22:03:58] Getting system info (uptime, memory, CPU temp)
[22:03:58] Detecting recent reboots
[22:03:58] Checking for GPU freeze patterns (10-minute window)
[22:04:08] START: User/app monitoring
[22:04:10] END: User/app monitoring
[22:04:10] START: Reachability/remote access checks
[22:04:11] END: Reachability/remote access checks
[22:04:11] Starting JSON payload build with jq
[22:04:11] Finished JSON payload build with jq
[22:04:11] Starting Airtable upload
[22:04:12] Curl to Airtable finished with exit code 0
[22:04:12] Airtable HTTP status: 422
[22:04:12] Airtable response (truncated 500 chars): {"error":{"type":"INVALID_VALUE_FOR_COLUMN","message":"Field \"Health Score\" cannot accept the provided value"}}
[22:04:12] Airtable upload failed with status 422
[22:18:48] === SCRIPT START ===
[22:18:48] Getting hostname and macOS version
[22:18:48] Detecting boot device
[22:18:49] Checking SMART status for /dev/disk2s4s1
[22:18:49] Checking external SSD health
[22:18:50] Checking for kernel panic files
[22:18:50] Checking for watchdog panics
[22:18:50] Checking Time Machine backup age
[22:18:51] Checking for software updates
[22:18:55] Starting log collection (1h window)
[22:26:52] Checking for crash reports
[22:26:52] Checking drive space
[22:26:52] Getting system info (uptime, memory, CPU temp)
[22:26:52] Detecting recent reboots
[22:26:52] Checking for GPU freeze patterns (10-minute window)
[22:26:57] START: User/app monitoring
[22:27:01] END: User/app monitoring
[22:27:01] START: Reachability/remote access checks
[22:27:01] END: Reachability/remote access checks
[22:27:02] Starting JSON payload build with jq
[22:27:02] Finished JSON payload build with jq
[22:27:02] Starting Airtable upload
[22:27:02] Curl to Airtable finished with exit code 0
[22:27:02] Airtable HTTP status: 200
[22:27:02] Airtable response (truncated 500 chars): {"id":"recGmPrkhWwh9Ey6l","createdTime":"2025-12-08T03:27:02.000Z","fields":{"Name":{"error":"#ERROR!"},"Hostname":"SN_iMac","macOS Version":"15.7.2","Kernel Panics":"1 panic(s), 1 watchdog panic(s) - Watchdog panic at 2025-12-07 12:16; ","System Errors":"Log Activity: 89547 errors (6701 recent, 1 critical)","Drive Space":"Total: 931Gi, Used: 359Gi (40%), Available: 557Gi","Uptime":"7:30, 3","Memory Pressure":"9%","CPU Temperature":"64.2°C","Time Machine":"Configured; Latest: 2025-12-07","Healt
[22:27:02] Airtable record created successfully: recGmPrkhWwh9Ey6l
[22:27:02] Script completed in 8:14
[22:43:20] === SCRIPT START ===
[22:43:20] Getting hostname and macOS version
[22:43:20] Detecting boot device
[22:43:20] Checking SMART status for /dev/disk2s4s1
[22:43:20] Checking external SSD health
[22:43:22] Checking for kernel panic files
[22:43:22] Checking for watchdog panics
[22:43:22] Checking Time Machine backup age
[22:43:22] Checking for software updates
[22:43:26] Starting log collection (1h window)
[22:50:53] Checking for crash reports
[22:50:54] Checking drive space
[22:50:54] Getting system info (uptime, memory, CPU temp)
[22:50:54] Detecting recent reboots
[22:50:54] Checking for GPU freeze patterns (10-minute window)
[22:50:58] START: User/app monitoring
[22:51:01] END: User/app monitoring
[22:51:01] START: Reachability/remote access checks
[22:51:01] END: Reachability/remote access checks
[22:51:01] Starting JSON payload build with jq
[22:51:01] Finished JSON payload build with jq
[22:51:01] Starting Airtable upload
[22:51:02] Curl to Airtable finished with exit code 0
[22:51:02] Airtable HTTP status: 200
[22:51:02] Airtable response (truncated 500 chars): {"id":"rec32gO0RPuR9octs","createdTime":"2025-12-08T03:51:02.000Z","fields":{"Name":"35-Critical-Dec 7, 2025 10:51 PM","Timestamp":"2025-12-08T03:51:01.000Z","Hostname":"SN_iMac","macOS Version":"15.7.2","Kernel Panics":"1 panic(s), 1 watchdog panic(s) - Watchdog panic at 2025-12-07 12:16; ","System Errors":"Log Activity: 82404 errors (7740 recent, 0 critical)","Drive Space":"Total: 931Gi, Used: 359Gi (40%), Available: 557Gi","Uptime":"7:54, 3","Memory Pressure":"7%","CPU Temperature":"60.1°C",
[22:51:02] Airtable record created successfully: rec32gO0RPuR9octs
[22:51:02] Script completed in 7:41
[23:04:57] === SCRIPT START ===
[23:04:57] Getting hostname and macOS version
[23:04:57] Detecting boot device
[23:04:57] Checking SMART status for /dev/disk2s4s1
[23:04:57] Checking external SSD health
[23:04:59] Checking for kernel panic files
[23:04:59] Checking for watchdog panics
[23:04:59] Checking Time Machine backup age
[23:04:59] Checking for software updates
[23:05:03] Starting log collection (1h window)
[23:09:27] Checking for crash reports
[23:09:27] Checking drive space
[23:09:27] Getting system info (uptime, memory, CPU temp)
[23:09:27] Detecting recent reboots
[23:09:27] Checking for GPU freeze patterns (10-minute window)
[23:09:30] START: User/app monitoring
[23:09:33] END: User/app monitoring
[23:09:33] START: Reachability/remote access checks
[23:09:34] END: Reachability/remote access checks
[23:09:34] Starting JSON payload build with jq
[23:09:34] Finished JSON payload build with jq
[23:09:34] Starting Airtable upload
[23:09:35] Curl to Airtable finished with exit code 0
[23:09:35] Airtable HTTP status: 200
[23:09:35] Airtable response (truncated 500 chars): {"id":"recOYsxcANqZS9dJY","createdTime":"2025-12-08T04:09:35.000Z","fields":{"Name":"Attention Needed-Warning-Dec 7, 2025 11:09 PM","Timestamp":"2025-12-08T04:09:34.000Z","Hostname":"SN_iMac","macOS Version":"15.7.2","Kernel Panics":"1 panic(s), 1 watchdog panic(s) - Watchdog panic at 2025-12-07 12:16; ","System Errors":"Log Activity: 65307 errors (3413 recent, 7 critical)","Drive Space":"Total: 931Gi, Used: 359Gi (40%), Available: 557Gi","Uptime":"8:12, 3","Memory Pressure":"7%","CPU Temperatur
[23:09:35] Airtable record created successfully: recOYsxcANqZS9dJY
[23:09:35] Script completed in 4:37
